-- The C compiler identification is GNU 13.3.0
-- The CXX compiler identification is GNU 13.3.0
-- Detecting C compiler ABI info
-- Detecting C compiler ABI info - done
-- Check for working C compiler: /usr/bin/cc - skipped
-- Detecting C compile features
-- Detecting C compile features - done
-- Detecting CXX compiler ABI info
-- Detecting CXX compiler ABI info - done
-- Check for working CXX compiler: /usr/bin/c++ - skipped
-- Detecting CXX compile features
-- Detecting CXX compile features - done
-- Found ament_cmake: 2.5.6 (/opt/ros/jazzy/share/ament_cmake/cmake)
-- Found Python3: /usr/bin/python3 (found version "3.12.3") found components: Interpreter 
-- Found rclcpp: 28.1.18 (/opt/ros/jazzy/share/rclcpp/cmake)
-- Found rosidl_generator_c: 4.6.7 (/opt/ros/jazzy/share/rosidl_generator_c/cmake)
-- Found rosidl_generator_cpp: 4.6.7 (/opt/ros/jazzy/share/rosidl_generator_cpp/cmake)
-- Using all available rosidl_typesupport_c: rosidl_typesupport_fastrtps_c;rosidl_typesupport_introspection_c
-- Using all available rosidl_typesupport_cpp: rosidl_typesupport_fastrtps_cpp;rosidl_typesupport_introspection_cpp
-- Found rmw_implementation_cmake: 7.3.3 (/opt/ros/jazzy/share/rmw_implementation_cmake/cmake)
-- Found rmw_fastrtps_cpp: 8.4.3 (/opt/ros/jazzy/share/rmw_fastrtps_cpp/cmake)
-- Found OpenSSL: /usr/lib/x86_64-linux-gnu/libcrypto.so (found version "3.0.13")  
-- Found FastRTPS: /opt/ros/jazzy/include (Required is at least version "2.13") 
-- Using RMW implementation 'rmw_fastrtps_cpp' as default
-- Found rclpy: 7.1.11 (/opt/ros/jazzy/share/rclpy/cmake)
-- Found std_msgs: 5.3.7 (/opt/ros/jazzy/share/std_msgs/cmake)
-- Found geometry_msgs: 5.3.7 (/opt/ros/jazzy/share/geometry_msgs/cmake)
-- Found sensor_msgs: 5.3.7 (/opt/ros/jazzy/share/sensor_msgs/cmake)
-- Found nav_msgs: 5.3.7 (/opt/ros/jazzy/share/nav_msgs/cmake)
-- Found tf2: 0.36.20 (/opt/ros/jazzy/share/tf2/cmake)
-- Found tf2_geometry_msgs: 0.36.20 (/opt/ros/jazzy/share/tf2_geometry_msgs/cmake)
-- Found eigen3_cmake_module: 0.3.0 (/opt/ros/jazzy/share/eigen3_cmake_module/cmake)
-- Found Eigen3: TRUE (found version "3.4.0") 
-- Ensuring Eigen3 include directory is part of orocos-kdl CMake target
-- Found visualization_msgs: 5.3.7 (/opt/ros/jazzy/share/visualization_msgs/cmake)
-- Found ament_lint_auto: 0.17.5 (/opt/ros/jazzy/share/ament_lint_auto/cmake)
-- Added test 'cppcheck' to perform static code analysis on C / C++ code
-- Configured cppcheck include dirs: /home/cloud/robotica-ws/src/Robotica_movel_UFRGS/phi_p3dx_mapping/include
-- Configured cppcheck exclude dirs and/or files: 
-- Added test 'flake8' to check Python code syntax and style conventions
-- Configured 'flake8' exclude dirs and/or files: 
-- Added test 'lint_cmake' to check CMake code style
-- Added test 'pep257' to check Python code against some of the docstring style conventions in PEP 257
-- Added test 'uncrustify' to check C / C++ code style
-- Configured uncrustify additional arguments: 
-- Added test 'xmllint' to check XML markup files
-- Configuring done (1.9s)
-- Generating done (0.0s)
-- Build files have been written to: /home/cloud/robotica-ws/src/Robotica_movel_UFRGS/build/phi_p3dx_mapping
[  8%] [32mBuilding CXX object CMakeFiles/mapping_example_cpp.dir/src/mapping_example.cpp.o[0m
[ 16%] [32mBuilding CXX object CMakeFiles/mapping_example_cpp.dir/src/mapping_node.cpp.o[0m
[ 25%] [32mBuilding CXX object CMakeFiles/exploration_example_cpp.dir/src/exploration_example.cpp.o[0m
[ 33%] [32mBuilding CXX object CMakeFiles/exploration_example_cpp.dir/src/exploration_node.cpp.o[0m
[ 41%] [32mBuilding CXX object CMakeFiles/exploring_harmonic_potential_fields.dir/src/exploring_harmonic_potential_fields.cpp.o[0m
[ 58%] [32mBuilding CXX object CMakeFiles/mapping_log_odds.dir/src/mapping_log_odds.cpp.o[0m
[ 58%] [32mBuilding CXX object CMakeFiles/exploring_harmonic_potential_fields.dir/src/exploration_node.cpp.o[0m
[ 66%] [32mBuilding CXX object CMakeFiles/mapping_log_odds.dir/src/mapping_node.cpp.o[0m
[ 66%] Built target ament_cmake_python_copy_phi_p3dx_mapping
running egg_info
creating phi_p3dx_mapping.egg-info
writing phi_p3dx_mapping.egg-info/PKG-INFO
writing dependency_links to phi_p3dx_mapping.egg-info/dependency_links.txt
writing top-level names to phi_p3dx_mapping.egg-info/top_level.txt
writing manifest file 'phi_p3dx_mapping.egg-info/SOURCES.txt'
reading manifest file 'phi_p3dx_mapping.egg-info/SOURCES.txt'
writing manifest file 'phi_p3dx_mapping.egg-info/SOURCES.txt'
[ 66%] Built target ament_cmake_python_build_phi_p3dx_mapping_egg
[ 75%] [32m[1mLinking CXX executable mapping_example_cpp[0m
[ 83%] [32m[1mLinking CXX executable mapping_log_odds[0m
[ 83%] Built target mapping_example_cpp
[ 91%] [32m[1mLinking CXX executable exploration_example_cpp[0m
[ 91%] Built target mapping_log_odds
[100%] [32m[1mLinking CXX executable exploring_harmonic_potential_fields[0m
[100%] Built target exploration_example_cpp
[100%] Built target exploring_harmonic_potential_fields
-- Install configuration: ""
-- Installing: /home/cloud/robotica-ws/src/Robotica_movel_UFRGS/install/phi_p3dx_mapping/lib/phi_p3dx_mapping/mapping_example_cpp
-- Set non-toolchain portion of runtime path of "/home/cloud/robotica-ws/src/Robotica_movel_UFRGS/install/phi_p3dx_mapping/lib/phi_p3dx_mapping/mapping_example_cpp" to ""
-- Installing: /home/cloud/robotica-ws/src/Robotica_movel_UFRGS/install/phi_p3dx_mapping/lib/phi_p3dx_mapping/exploration_example_cpp
-- Set non-toolchain portion of runtime path of "/home/cloud/robotica-ws/src/Robotica_movel_UFRGS/install/phi_p3dx_mapping/lib/phi_p3dx_mapping/exploration_example_cpp" to ""
-- Installing: /home/cloud/robotica-ws/src/Robotica_movel_UFRGS/install/phi_p3dx_mapping/lib/phi_p3dx_mapping/mapping_log_odds
-- Set non-toolchain portion of runtime path of "/home/cloud/robotica-ws/src/Robotica_movel_UFRGS/install/phi_p3dx_mapping/lib/phi_p3dx_mapping/mapping_log_odds" to ""
-- Installing: /home/cloud/robotica-ws/src/Robotica_movel_UFRGS/install/phi_p3dx_mapping/lib/phi_p3dx_mapping/exploring_harmonic_potential_fields
-- Set non-toolchain portion of runtime path of "/home/cloud/robotica-ws/src/Robotica_movel_UFRGS/install/phi_p3dx_mapping/lib/phi_p3dx_mapping/exploring_harmonic_potential_fields" to ""
-- Installing: /home/cloud/robotica-ws/src/Robotica_movel_UFRGS/install/phi_p3dx_mapping/share/phi_p3dx_mapping/launch
-- Installing: /home/cloud/robotica-ws/src/Robotica_movel_UFRGS/install/phi_p3dx_mapping/share/phi_p3dx_mapping/launch/includes
-- Installing: /home/cloud/robotica-ws/src/Robotica_movel_UFRGS/install/phi_p3dx_mapping/share/phi_p3dx_mapping/launch/includes/bringup_tf_map_odom.launch.py
-- Installing: /home/cloud/robotica-ws/src/Robotica_movel_UFRGS/install/phi_p3dx_mapping/share/phi_p3dx_mapping/launch/bringup_gazebo.launch.py
-- Installing: /home/cloud/robotica-ws/src/Robotica_movel_UFRGS/install/phi_p3dx_mapping/share/phi_p3dx_mapping/launch/bringup_mobilesim.launch.py
-- Installing: /home/cloud/robotica-ws/src/Robotica_movel_UFRGS/install/phi_p3dx_mapping/share/phi_p3dx_mapping/launch/bringup_robot.launch.py
-- Installing: /home/cloud/robotica-ws/src/Robotica_movel_UFRGS/install/phi_p3dx_mapping/share/phi_p3dx_mapping/scripts
-- Installing: /home/cloud/robotica-ws/src/Robotica_movel_UFRGS/install/phi_p3dx_mapping/share/phi_p3dx_mapping/scripts/mapping_example.py
-- Installing: /home/cloud/robotica-ws/src/Robotica_movel_UFRGS/install/phi_p3dx_mapping/share/phi_p3dx_mapping/scripts/exploration_example.py
-- Installing: /home/cloud/robotica-ws/src/Robotica_movel_UFRGS/install/phi_p3dx_mapping/share/phi_p3dx_mapping/rviz
-- Installing: /home/cloud/robotica-ws/src/Robotica_movel_UFRGS/install/phi_p3dx_mapping/share/phi_p3dx_mapping/rviz/exploration.rviz
-- Installing: /home/cloud/robotica-ws/src/Robotica_movel_UFRGS/install/phi_p3dx_mapping/share/phi_p3dx_mapping/environment/pythonpath.sh
-- Installing: /home/cloud/robotica-ws/src/Robotica_movel_UFRGS/install/phi_p3dx_mapping/share/phi_p3dx_mapping/environment/pythonpath.dsv
-- Installing: /home/cloud/robotica-ws/src/Robotica_movel_UFRGS/install/phi_p3dx_mapping/lib/python3.12/site-packages/phi_p3dx_mapping-0.0.0-py3.12.egg-info
-- Installing: /home/cloud/robotica-ws/src/Robotica_movel_UFRGS/install/phi_p3dx_mapping/lib/python3.12/site-packages/phi_p3dx_mapping-0.0.0-py3.12.egg-info/SOURCES.txt
-- Installing: /home/cloud/robotica-ws/src/Robotica_movel_UFRGS/install/phi_p3dx_mapping/lib/python3.12/site-packages/phi_p3dx_mapping-0.0.0-py3.12.egg-info/PKG-INFO
-- Installing: /home/cloud/robotica-ws/src/Robotica_movel_UFRGS/install/phi_p3dx_mapping/lib/python3.12/site-packages/phi_p3dx_mapping-0.0.0-py3.12.egg-info/top_level.txt
-- Installing: /home/cloud/robotica-ws/src/Robotica_movel_UFRGS/install/phi_p3dx_mapping/lib/python3.12/site-packages/phi_p3dx_mapping-0.0.0-py3.12.egg-info/dependency_links.txt
-- Installing: /home/cloud/robotica-ws/src/Robotica_movel_UFRGS/install/phi_p3dx_mapping/lib/python3.12/site-packages/phi_p3dx_mapping
-- Installing: /home/cloud/robotica-ws/src/Robotica_movel_UFRGS/install/phi_p3dx_mapping/lib/python3.12/site-packages/phi_p3dx_mapping/__init__.py
-- Installing: /home/cloud/robotica-ws/src/Robotica_movel_UFRGS/install/phi_p3dx_mapping/lib/python3.12/site-packages/phi_p3dx_mapping/mapping_node.py
-- Installing: /home/cloud/robotica-ws/src/Robotica_movel_UFRGS/install/phi_p3dx_mapping/lib/python3.12/site-packages/phi_p3dx_mapping/exploration_node.py
Listing '/home/cloud/robotica-ws/src/Robotica_movel_UFRGS/install/phi_p3dx_mapping/lib/python3.12/site-packages/phi_p3dx_mapping'...
Compiling '/home/cloud/robotica-ws/src/Robotica_movel_UFRGS/install/phi_p3dx_mapping/lib/python3.12/site-packages/phi_p3dx_mapping/__init__.py'...
Compiling '/home/cloud/robotica-ws/src/Robotica_movel_UFRGS/install/phi_p3dx_mapping/lib/python3.12/site-packages/phi_p3dx_mapping/exploration_node.py'...
Compiling '/home/cloud/robotica-ws/src/Robotica_movel_UFRGS/install/phi_p3dx_mapping/lib/python3.12/site-packages/phi_p3dx_mapping/mapping_node.py'...
-- Installing: /home/cloud/robotica-ws/src/Robotica_movel_UFRGS/install/phi_p3dx_mapping/lib/phi_p3dx_mapping/mapping_example_py
-- Installing: /home/cloud/robotica-ws/src/Robotica_movel_UFRGS/install/phi_p3dx_mapping/lib/phi_p3dx_mapping/exploration_example_py
-- Installing: /home/cloud/robotica-ws/src/Robotica_movel_UFRGS/install/phi_p3dx_mapping/share/ament_index/resource_index/package_run_dependencies/phi_p3dx_mapping
-- Installing: /home/cloud/robotica-ws/src/Robotica_movel_UFRGS/install/phi_p3dx_mapping/share/ament_index/resource_index/parent_prefix_path/phi_p3dx_mapping
-- Installing: /home/cloud/robotica-ws/src/Robotica_movel_UFRGS/install/phi_p3dx_mapping/share/phi_p3dx_mapping/environment/ament_prefix_path.sh
-- Installing: /home/cloud/robotica-ws/src/Robotica_movel_UFRGS/install/phi_p3dx_mapping/share/phi_p3dx_mapping/environment/ament_prefix_path.dsv
-- Installing: /home/cloud/robotica-ws/src/Robotica_movel_UFRGS/install/phi_p3dx_mapping/share/phi_p3dx_mapping/environment/path.sh
-- Installing: /home/cloud/robotica-ws/src/Robotica_movel_UFRGS/install/phi_p3dx_mapping/share/phi_p3dx_mapping/environment/path.dsv
-- Installing: /home/cloud/robotica-ws/src/Robotica_movel_UFRGS/install/phi_p3dx_mapping/share/phi_p3dx_mapping/local_setup.bash
-- Installing: /home/cloud/robotica-ws/src/Robotica_movel_UFRGS/install/phi_p3dx_mapping/share/phi_p3dx_mapping/local_setup.sh
-- Installing: /home/cloud/robotica-ws/src/Robotica_movel_UFRGS/install/phi_p3dx_mapping/share/phi_p3dx_mapping/local_setup.zsh
-- Installing: /home/cloud/robotica-ws/src/Robotica_movel_UFRGS/install/phi_p3dx_mapping/share/phi_p3dx_mapping/local_setup.dsv
-- Installing: /home/cloud/robotica-ws/src/Robotica_movel_UFRGS/install/phi_p3dx_mapping/share/phi_p3dx_mapping/package.dsv
-- Installing: /home/cloud/robotica-ws/src/Robotica_movel_UFRGS/install/phi_p3dx_mapping/share/ament_index/resource_index/packages/phi_p3dx_mapping
-- Installing: /home/cloud/robotica-ws/src/Robotica_movel_UFRGS/install/phi_p3dx_mapping/share/phi_p3dx_mapping/cmake/phi_p3dx_mappingConfig.cmake
-- Installing: /home/cloud/robotica-ws/src/Robotica_movel_UFRGS/install/phi_p3dx_mapping/share/phi_p3dx_mapping/cmake/phi_p3dx_mappingConfig-version.cmake
-- Installing: /home/cloud/robotica-ws/src/Robotica_movel_UFRGS/install/phi_p3dx_mapping/share/phi_p3dx_mapping/package.xml
