-- The C compiler identification is GNU 13.3.0
-- The CXX compiler identification is GNU 13.3.0
-- Detecting C compiler ABI info
-- Detecting C compiler ABI info - done
-- Check for working C compiler: /usr/bin/cc - skipped
-- Detecting C compile features
-- Detecting C compile features - done
-- Detecting CXX compiler ABI info
-- Detecting CXX compiler ABI info - done
-- Check for working CXX compiler: /usr/bin/c++ - skipped
-- Detecting CXX compile features
-- Detecting CXX compile features - done
-- Found ament_cmake: 2.5.6 (/opt/ros/jazzy/share/ament_cmake/cmake)
-- Found Python3: /usr/bin/python3 (found version "3.12.3") found components: Interpreter 
-- Found rclcpp: 28.1.18 (/opt/ros/jazzy/share/rclcpp/cmake)
-- Found rosidl_generator_c: 4.6.7 (/opt/ros/jazzy/share/rosidl_generator_c/cmake)
-- Found rosidl_generator_cpp: 4.6.7 (/opt/ros/jazzy/share/rosidl_generator_cpp/cmake)
-- Using all available rosidl_typesupport_c: rosidl_typesupport_fastrtps_c;rosidl_typesupport_introspection_c
-- Using all available rosidl_typesupport_cpp: rosidl_typesupport_fastrtps_cpp;rosidl_typesupport_introspection_cpp
-- Found rmw_implementation_cmake: 7.3.3 (/opt/ros/jazzy/share/rmw_implementation_cmake/cmake)
-- Found rmw_fastrtps_cpp: 8.4.3 (/opt/ros/jazzy/share/rmw_fastrtps_cpp/cmake)
-- Found OpenSSL: /usr/lib/x86_64-linux-gnu/libcrypto.so (found version "3.0.13")  
-- Found FastRTPS: /opt/ros/jazzy/include (Required is at least version "2.13") 
-- Using RMW implementation 'rmw_fastrtps_cpp' as default
-- Found rclpy: 7.1.11 (/opt/ros/jazzy/share/rclpy/cmake)
-- Found std_msgs: 5.3.7 (/opt/ros/jazzy/share/std_msgs/cmake)
-- Found geometry_msgs: 5.3.7 (/opt/ros/jazzy/share/geometry_msgs/cmake)
-- Found sensor_msgs: 5.3.7 (/opt/ros/jazzy/share/sensor_msgs/cmake)
-- Found nav_msgs: 5.3.7 (/opt/ros/jazzy/share/nav_msgs/cmake)
-- Found tf2: 0.36.20 (/opt/ros/jazzy/share/tf2/cmake)
-- Found tf2_geometry_msgs: 0.36.20 (/opt/ros/jazzy/share/tf2_geometry_msgs/cmake)
-- Found eigen3_cmake_module: 0.3.0 (/opt/ros/jazzy/share/eigen3_cmake_module/cmake)
-- Found Eigen3: TRUE (found version "3.4.0") 
-- Ensuring Eigen3 include directory is part of orocos-kdl CMake target
-- Found visualization_msgs: 5.3.7 (/opt/ros/jazzy/share/visualization_msgs/cmake)
-- Found ros_gz_sim: 1.0.22 (/opt/ros/jazzy/share/ros_gz_sim/cmake)
-- Found ros_gz_bridge: 1.0.22 (/opt/ros/jazzy/share/ros_gz_bridge/cmake)
-- Looking for gz-msgs10 -- found version 10.3.2
-- Searching for dependencies of gz-msgs10
-- Found Protobuf: /usr/lib/x86_64-linux-gnu/libprotobuf.so (found version "3.21.12") 
-- Looking for gz-utils2 -- found version 2.2.1
-- Searching for dependencies of gz-utils2
-- Looking for gz-math7 -- found version 7.5.2
-- Searching for dependencies of gz-math7
-- Looking for gz-utils2 -- found version 2.2.1
-- Checking for module 'tinyxml2'
--   Found tinyxml2, version 10.0.0
-- Looking for gz-transport13 -- found version 13.5.0
-- Searching for dependencies of gz-transport13
-- Config-file not installed for ZeroMQ -- checking for pkg-config
-- Checking for module 'libzmq >= 4'
--   Found libzmq, version 4.3.5
-- Found ZeroMQ: TRUE (Required is at least version "4") 
-- Checking for module 'uuid'
--   Found uuid, version 2.39.3
-- Found UUID: TRUE  
-- Looking for gz-utils2 -- found version 2.2.1
-- Searching for dependencies of gz-utils2
-- Searching for <gz-utils2> component [cli]
-- Looking for gz-utils2-cli -- found version 2.2.1
-- Searching for dependencies of gz-utils2-cli
-- Looking for gz-msgs10 -- found version 10.3.2
-- Found ament_lint_auto: 0.17.5 (/opt/ros/jazzy/share/ament_lint_auto/cmake)
-- Added test 'cppcheck' to perform static code analysis on C / C++ code
-- Configured cppcheck include dirs: /home/cloud/robotica-ws/src/Robotica_movel_UFRGS/phi_p3dx_planning/include
-- Configured cppcheck exclude dirs and/or files: 
-- Added test 'flake8' to check Python code syntax and style conventions
-- Configured 'flake8' exclude dirs and/or files: 
-- Added test 'lint_cmake' to check CMake code style
-- Added test 'pep257' to check Python code against some of the docstring style conventions in PEP 257
-- Added test 'uncrustify' to check C / C++ code style
-- Configured uncrustify additional arguments: 
-- Added test 'xmllint' to check XML markup files
-- Configuring done (1.9s)
-- Generating done (0.0s)
-- Build files have been written to: /home/cloud/robotica-ws/src/Robotica_movel_UFRGS/build/phi_p3dx_planning
[ 11%] [32mBuilding CXX object CMakeFiles/RRT.dir/src/planning_node.cpp.o[0m
[ 44%] [32mBuilding CXX object CMakeFiles/RRT.dir/src/RRT.cpp.o[0m
[ 44%] [32mBuilding CXX object CMakeFiles/RRT_cinematic.dir/src/RRT_cinematic.cpp.o[0m
[ 44%] [32mBuilding CXX object CMakeFiles/planning_example_cpp.dir/src/planning_node.cpp.o[0m
[ 55%] [32mBuilding CXX object CMakeFiles/RRT_cinematic.dir/src/planning_node.cpp.o[0m
[ 66%] [32mBuilding CXX object CMakeFiles/planning_example_cpp.dir/src/planning_example.cpp.o[0m
[ 66%] Built target ament_cmake_python_copy_phi_p3dx_planning
running egg_info
creating phi_p3dx_planning.egg-info
writing phi_p3dx_planning.egg-info/PKG-INFO
writing dependency_links to phi_p3dx_planning.egg-info/dependency_links.txt
writing top-level names to phi_p3dx_planning.egg-info/top_level.txt
writing manifest file 'phi_p3dx_planning.egg-info/SOURCES.txt'
reading manifest file 'phi_p3dx_planning.egg-info/SOURCES.txt'
writing manifest file 'phi_p3dx_planning.egg-info/SOURCES.txt'
[ 66%] Built target ament_cmake_python_build_phi_p3dx_planning_egg
[ 77%] [32m[1mLinking CXX executable planning_example_cpp[0m
[ 88%] [32m[1mLinking CXX executable RRT_cinematic[0m
[100%] [32m[1mLinking CXX executable RRT[0m
[100%] Built target planning_example_cpp
[100%] Built target RRT_cinematic
[100%] Built target RRT
-- Install configuration: ""
-- Installing: /home/cloud/robotica-ws/src/Robotica_movel_UFRGS/install/phi_p3dx_planning/lib/phi_p3dx_planning/planning_example_cpp
-- Set non-toolchain portion of runtime path of "/home/cloud/robotica-ws/src/Robotica_movel_UFRGS/install/phi_p3dx_planning/lib/phi_p3dx_planning/planning_example_cpp" to ""
-- Installing: /home/cloud/robotica-ws/src/Robotica_movel_UFRGS/install/phi_p3dx_planning/lib/phi_p3dx_planning/RRT
-- Set non-toolchain portion of runtime path of "/home/cloud/robotica-ws/src/Robotica_movel_UFRGS/install/phi_p3dx_planning/lib/phi_p3dx_planning/RRT" to ""
-- Installing: /home/cloud/robotica-ws/src/Robotica_movel_UFRGS/install/phi_p3dx_planning/lib/phi_p3dx_planning/RRT_cinematic
-- Set non-toolchain portion of runtime path of "/home/cloud/robotica-ws/src/Robotica_movel_UFRGS/install/phi_p3dx_planning/lib/phi_p3dx_planning/RRT_cinematic" to ""
-- Installing: /home/cloud/robotica-ws/src/Robotica_movel_UFRGS/install/phi_p3dx_planning/share/phi_p3dx_planning/launch
-- Installing: /home/cloud/robotica-ws/src/Robotica_movel_UFRGS/install/phi_p3dx_planning/share/phi_p3dx_planning/launch/includes
-- Installing: /home/cloud/robotica-ws/src/Robotica_movel_UFRGS/install/phi_p3dx_planning/share/phi_p3dx_planning/launch/includes/bringup_navigation.launch.py
-- Installing: /home/cloud/robotica-ws/src/Robotica_movel_UFRGS/install/phi_p3dx_planning/share/phi_p3dx_planning/launch/includes/bringup_env.launch.py
-- Installing: /home/cloud/robotica-ws/src/Robotica_movel_UFRGS/install/phi_p3dx_planning/share/phi_p3dx_planning/launch/includes/bringup_slam.launch.py
-- Installing: /home/cloud/robotica-ws/src/Robotica_movel_UFRGS/install/phi_p3dx_planning/share/phi_p3dx_planning/launch/includes/bringup_map_server.launch.py
-- Installing: /home/cloud/robotica-ws/src/Robotica_movel_UFRGS/install/phi_p3dx_planning/share/phi_p3dx_planning/launch/includes/bringup_state_publishers.launch.py
-- Installing: /home/cloud/robotica-ws/src/Robotica_movel_UFRGS/install/phi_p3dx_planning/share/phi_p3dx_planning/launch/includes/bringup_spawn_gz.launch.py
-- Installing: /home/cloud/robotica-ws/src/Robotica_movel_UFRGS/install/phi_p3dx_planning/share/phi_p3dx_planning/launch/includes/bringup_rviz.launch.py
-- Installing: /home/cloud/robotica-ws/src/Robotica_movel_UFRGS/install/phi_p3dx_planning/share/phi_p3dx_planning/launch/bringup_gazebo.launch.py
-- Installing: /home/cloud/robotica-ws/src/Robotica_movel_UFRGS/install/phi_p3dx_planning/share/phi_p3dx_planning/launch/bringup_mobilesim.launch.py
-- Installing: /home/cloud/robotica-ws/src/Robotica_movel_UFRGS/install/phi_p3dx_planning/share/phi_p3dx_planning/launch/bringup_robot.launch.py
-- Installing: /home/cloud/robotica-ws/src/Robotica_movel_UFRGS/install/phi_p3dx_planning/share/phi_p3dx_planning/config
-- Installing: /home/cloud/robotica-ws/src/Robotica_movel_UFRGS/install/phi_p3dx_planning/share/phi_p3dx_planning/config/mapper_params_online_async.yaml
-- Installing: /home/cloud/robotica-ws/src/Robotica_movel_UFRGS/install/phi_p3dx_planning/share/phi_p3dx_planning/config/model_bridge.yaml
-- Installing: /home/cloud/robotica-ws/src/Robotica_movel_UFRGS/install/phi_p3dx_planning/share/phi_p3dx_planning/scripts
-- Installing: /home/cloud/robotica-ws/src/Robotica_movel_UFRGS/install/phi_p3dx_planning/share/phi_p3dx_planning/scripts/planning_example.py
-- Installing: /home/cloud/robotica-ws/src/Robotica_movel_UFRGS/install/phi_p3dx_planning/share/phi_p3dx_planning/environment/pythonpath.sh
-- Installing: /home/cloud/robotica-ws/src/Robotica_movel_UFRGS/install/phi_p3dx_planning/share/phi_p3dx_planning/environment/pythonpath.dsv
-- Installing: /home/cloud/robotica-ws/src/Robotica_movel_UFRGS/install/phi_p3dx_planning/lib/python3.12/site-packages/phi_p3dx_planning-0.0.0-py3.12.egg-info
-- Installing: /home/cloud/robotica-ws/src/Robotica_movel_UFRGS/install/phi_p3dx_planning/lib/python3.12/site-packages/phi_p3dx_planning-0.0.0-py3.12.egg-info/SOURCES.txt
-- Installing: /home/cloud/robotica-ws/src/Robotica_movel_UFRGS/install/phi_p3dx_planning/lib/python3.12/site-packages/phi_p3dx_planning-0.0.0-py3.12.egg-info/PKG-INFO
-- Installing: /home/cloud/robotica-ws/src/Robotica_movel_UFRGS/install/phi_p3dx_planning/lib/python3.12/site-packages/phi_p3dx_planning-0.0.0-py3.12.egg-info/top_level.txt
-- Installing: /home/cloud/robotica-ws/src/Robotica_movel_UFRGS/install/phi_p3dx_planning/lib/python3.12/site-packages/phi_p3dx_planning-0.0.0-py3.12.egg-info/dependency_links.txt
-- Installing: /home/cloud/robotica-ws/src/Robotica_movel_UFRGS/install/phi_p3dx_planning/lib/python3.12/site-packages/phi_p3dx_planning
-- Installing: /home/cloud/robotica-ws/src/Robotica_movel_UFRGS/install/phi_p3dx_planning/lib/python3.12/site-packages/phi_p3dx_planning/main.py
-- Installing: /home/cloud/robotica-ws/src/Robotica_movel_UFRGS/install/phi_p3dx_planning/lib/python3.12/site-packages/phi_p3dx_planning/__init__.py
Listing '/home/cloud/robotica-ws/src/Robotica_movel_UFRGS/install/phi_p3dx_planning/lib/python3.12/site-packages/phi_p3dx_planning'...
Compiling '/home/cloud/robotica-ws/src/Robotica_movel_UFRGS/install/phi_p3dx_planning/lib/python3.12/site-packages/phi_p3dx_planning/__init__.py'...
Compiling '/home/cloud/robotica-ws/src/Robotica_movel_UFRGS/install/phi_p3dx_planning/lib/python3.12/site-packages/phi_p3dx_planning/main.py'...
-- Installing: /home/cloud/robotica-ws/src/Robotica_movel_UFRGS/install/phi_p3dx_planning/lib/phi_p3dx_planning/planning_example_py
-- Installing: /home/cloud/robotica-ws/src/Robotica_movel_UFRGS/install/phi_p3dx_planning/share/ament_index/resource_index/package_run_dependencies/phi_p3dx_planning
-- Installing: /home/cloud/robotica-ws/src/Robotica_movel_UFRGS/install/phi_p3dx_planning/share/ament_index/resource_index/parent_prefix_path/phi_p3dx_planning
-- Installing: /home/cloud/robotica-ws/src/Robotica_movel_UFRGS/install/phi_p3dx_planning/share/phi_p3dx_planning/environment/ament_prefix_path.sh
-- Installing: /home/cloud/robotica-ws/src/Robotica_movel_UFRGS/install/phi_p3dx_planning/share/phi_p3dx_planning/environment/ament_prefix_path.dsv
-- Installing: /home/cloud/robotica-ws/src/Robotica_movel_UFRGS/install/phi_p3dx_planning/share/phi_p3dx_planning/environment/path.sh
-- Installing: /home/cloud/robotica-ws/src/Robotica_movel_UFRGS/install/phi_p3dx_planning/share/phi_p3dx_planning/environment/path.dsv
-- Installing: /home/cloud/robotica-ws/src/Robotica_movel_UFRGS/install/phi_p3dx_planning/share/phi_p3dx_planning/local_setup.bash
-- Installing: /home/cloud/robotica-ws/src/Robotica_movel_UFRGS/install/phi_p3dx_planning/share/phi_p3dx_planning/local_setup.sh
-- Installing: /home/cloud/robotica-ws/src/Robotica_movel_UFRGS/install/phi_p3dx_planning/share/phi_p3dx_planning/local_setup.zsh
-- Installing: /home/cloud/robotica-ws/src/Robotica_movel_UFRGS/install/phi_p3dx_planning/share/phi_p3dx_planning/local_setup.dsv
-- Installing: /home/cloud/robotica-ws/src/Robotica_movel_UFRGS/install/phi_p3dx_planning/share/phi_p3dx_planning/package.dsv
-- Installing: /home/cloud/robotica-ws/src/Robotica_movel_UFRGS/install/phi_p3dx_planning/share/ament_index/resource_index/packages/phi_p3dx_planning
-- Installing: /home/cloud/robotica-ws/src/Robotica_movel_UFRGS/install/phi_p3dx_planning/share/phi_p3dx_planning/cmake/phi_p3dx_planningConfig.cmake
-- Installing: /home/cloud/robotica-ws/src/Robotica_movel_UFRGS/install/phi_p3dx_planning/share/phi_p3dx_planning/cmake/phi_p3dx_planningConfig-version.cmake
-- Installing: /home/cloud/robotica-ws/src/Robotica_movel_UFRGS/install/phi_p3dx_planning/share/phi_p3dx_planning/package.xml
