-- The C compiler identification is GNU 13.3.0
-- The CXX compiler identification is GNU 13.3.0
-- Detecting C compiler ABI info
-- Detecting C compiler ABI info - done
-- Check for working C compiler: /usr/bin/cc - skipped
-- Detecting C compile features
-- Detecting C compile features - done
-- Detecting CXX compiler ABI info
-- Detecting CXX compiler ABI info - done
-- Check for working CXX compiler: /usr/bin/c++ - skipped
-- Detecting CXX compile features
-- Detecting CXX compile features - done
-- Found ament_cmake: 2.5.6 (/opt/ros/jazzy/share/ament_cmake/cmake)
-- Found Python3: /usr/bin/python3 (found version "3.12.3") found components: Interpreter 
-- Found rclcpp: 28.1.18 (/opt/ros/jazzy/share/rclcpp/cmake)
-- Found rosidl_generator_c: 4.6.7 (/opt/ros/jazzy/share/rosidl_generator_c/cmake)
-- Found rosidl_generator_cpp: 4.6.7 (/opt/ros/jazzy/share/rosidl_generator_cpp/cmake)
-- Using all available rosidl_typesupport_c: rosidl_typesupport_fastrtps_c;rosidl_typesupport_introspection_c
-- Using all available rosidl_typesupport_cpp: rosidl_typesupport_fastrtps_cpp;rosidl_typesupport_introspection_cpp
-- Found rmw_implementation_cmake: 7.3.3 (/opt/ros/jazzy/share/rmw_implementation_cmake/cmake)
-- Found rmw_fastrtps_cpp: 8.4.3 (/opt/ros/jazzy/share/rmw_fastrtps_cpp/cmake)
-- Found OpenSSL: /usr/lib/x86_64-linux-gnu/libcrypto.so (found version "3.0.13")  
-- Found FastRTPS: /opt/ros/jazzy/include (Required is at least version "2.13") 
-- Using RMW implementation 'rmw_fastrtps_cpp' as default
-- Found std_msgs: 5.3.7 (/opt/ros/jazzy/share/std_msgs/cmake)
-- Found geometry_msgs: 5.3.7 (/opt/ros/jazzy/share/geometry_msgs/cmake)
-- Found sensor_msgs: 5.3.7 (/opt/ros/jazzy/share/sensor_msgs/cmake)
-- Found nav_msgs: 5.3.7 (/opt/ros/jazzy/share/nav_msgs/cmake)
-- Found tf2: 0.36.20 (/opt/ros/jazzy/share/tf2/cmake)
-- Found tf2_geometry_msgs: 0.36.20 (/opt/ros/jazzy/share/tf2_geometry_msgs/cmake)
-- Found eigen3_cmake_module: 0.3.0 (/opt/ros/jazzy/share/eigen3_cmake_module/cmake)
-- Found Eigen3: TRUE (found version "3.4.0") 
-- Ensuring Eigen3 include directory is part of orocos-kdl CMake target
-- Found ament_lint_auto: 0.17.5 (/opt/ros/jazzy/share/ament_lint_auto/cmake)
-- Added test 'cppcheck' to perform static code analysis on C / C++ code
-- Configured cppcheck include dirs: /home/cloud/robotica-ws/src/Robotica_movel_UFRGS/phi_p3dx_localization/include
-- Configured cppcheck exclude dirs and/or files: 
-- Added test 'flake8' to check Python code syntax and style conventions
-- Configured 'flake8' exclude dirs and/or files: 
-- Added test 'lint_cmake' to check CMake code style
-- Added test 'pep257' to check Python code against some of the docstring style conventions in PEP 257
-- Added test 'uncrustify' to check C / C++ code style
-- Configured uncrustify additional arguments: 
-- Added test 'xmllint' to check XML markup files
-- Configuring done (1.9s)
-- Generating done (0.0s)
-- Build files have been written to: /home/cloud/robotica-ws/src/Robotica_movel_UFRGS/build/phi_p3dx_localization
[ 33%] [32mBuilding CXX object CMakeFiles/localization_example_cpp.dir/src/localization_example.cpp.o[0m
[ 66%] [32mBuilding CXX object CMakeFiles/localization_example_cpp.dir/src/localization_node.cpp.o[0m
[ 66%] Built target ament_cmake_python_copy_phi_p3dx_localization
running egg_info
creating phi_p3dx_localization.egg-info
writing phi_p3dx_localization.egg-info/PKG-INFO
writing dependency_links to phi_p3dx_localization.egg-info/dependency_links.txt
writing top-level names to phi_p3dx_localization.egg-info/top_level.txt
writing manifest file 'phi_p3dx_localization.egg-info/SOURCES.txt'
reading manifest file 'phi_p3dx_localization.egg-info/SOURCES.txt'
writing manifest file 'phi_p3dx_localization.egg-info/SOURCES.txt'
[ 66%] Built target ament_cmake_python_build_phi_p3dx_localization_egg
[100%] [32m[1mLinking CXX executable localization_example_cpp[0m
[100%] Built target localization_example_cpp
-- Install configuration: ""
-- Installing: /home/cloud/robotica-ws/src/Robotica_movel_UFRGS/install/phi_p3dx_localization/lib/phi_p3dx_localization/localization_example_cpp
-- Set non-toolchain portion of runtime path of "/home/cloud/robotica-ws/src/Robotica_movel_UFRGS/install/phi_p3dx_localization/lib/phi_p3dx_localization/localization_example_cpp" to ""
-- Installing: /home/cloud/robotica-ws/src/Robotica_movel_UFRGS/install/phi_p3dx_localization/share/phi_p3dx_localization/environment/pythonpath.sh
-- Installing: /home/cloud/robotica-ws/src/Robotica_movel_UFRGS/install/phi_p3dx_localization/share/phi_p3dx_localization/environment/pythonpath.dsv
-- Installing: /home/cloud/robotica-ws/src/Robotica_movel_UFRGS/install/phi_p3dx_localization/lib/python3.12/site-packages/phi_p3dx_localization-0.0.0-py3.12.egg-info
-- Installing: /home/cloud/robotica-ws/src/Robotica_movel_UFRGS/install/phi_p3dx_localization/lib/python3.12/site-packages/phi_p3dx_localization-0.0.0-py3.12.egg-info/SOURCES.txt
-- Installing: /home/cloud/robotica-ws/src/Robotica_movel_UFRGS/install/phi_p3dx_localization/lib/python3.12/site-packages/phi_p3dx_localization-0.0.0-py3.12.egg-info/PKG-INFO
-- Installing: /home/cloud/robotica-ws/src/Robotica_movel_UFRGS/install/phi_p3dx_localization/lib/python3.12/site-packages/phi_p3dx_localization-0.0.0-py3.12.egg-info/top_level.txt
-- Installing: /home/cloud/robotica-ws/src/Robotica_movel_UFRGS/install/phi_p3dx_localization/lib/python3.12/site-packages/phi_p3dx_localization-0.0.0-py3.12.egg-info/dependency_links.txt
-- Installing: /home/cloud/robotica-ws/src/Robotica_movel_UFRGS/install/phi_p3dx_localization/lib/python3.12/site-packages/phi_p3dx_localization
-- Installing: /home/cloud/robotica-ws/src/Robotica_movel_UFRGS/install/phi_p3dx_localization/lib/python3.12/site-packages/phi_p3dx_localization/main.py
-- Installing: /home/cloud/robotica-ws/src/Robotica_movel_UFRGS/install/phi_p3dx_localization/lib/python3.12/site-packages/phi_p3dx_localization/__init__.py
Listing '/home/cloud/robotica-ws/src/Robotica_movel_UFRGS/install/phi_p3dx_localization/lib/python3.12/site-packages/phi_p3dx_localization'...
Compiling '/home/cloud/robotica-ws/src/Robotica_movel_UFRGS/install/phi_p3dx_localization/lib/python3.12/site-packages/phi_p3dx_localization/__init__.py'...
Compiling '/home/cloud/robotica-ws/src/Robotica_movel_UFRGS/install/phi_p3dx_localization/lib/python3.12/site-packages/phi_p3dx_localization/main.py'...
-- Installing: /home/cloud/robotica-ws/src/Robotica_movel_UFRGS/install/phi_p3dx_localization/lib/phi_p3dx_localization/localization_example_py
-- Installing: /home/cloud/robotica-ws/src/Robotica_movel_UFRGS/install/phi_p3dx_localization/share/phi_p3dx_localization/launch
-- Installing: /home/cloud/robotica-ws/src/Robotica_movel_UFRGS/install/phi_p3dx_localization/share/phi_p3dx_localization/launch/includes
-- Installing: /home/cloud/robotica-ws/src/Robotica_movel_UFRGS/install/phi_p3dx_localization/share/phi_p3dx_localization/launch/includes/bringup_map_server.launch.py
-- Installing: /home/cloud/robotica-ws/src/Robotica_movel_UFRGS/install/phi_p3dx_localization/share/phi_p3dx_localization/launch/bringup_gazebo.launch.py
-- Installing: /home/cloud/robotica-ws/src/Robotica_movel_UFRGS/install/phi_p3dx_localization/share/phi_p3dx_localization/launch/bringup_mobilesim.launch.py
-- Installing: /home/cloud/robotica-ws/src/Robotica_movel_UFRGS/install/phi_p3dx_localization/share/phi_p3dx_localization/launch/bringup_robot.launch.py
-- Installing: /home/cloud/robotica-ws/src/Robotica_movel_UFRGS/install/phi_p3dx_localization/share/phi_p3dx_localization/scripts
-- Installing: /home/cloud/robotica-ws/src/Robotica_movel_UFRGS/install/phi_p3dx_localization/share/phi_p3dx_localization/scripts/localization_example.py
-- Installing: /home/cloud/robotica-ws/src/Robotica_movel_UFRGS/install/phi_p3dx_localization/share/phi_p3dx_localization/config
-- Installing: /home/cloud/robotica-ws/src/Robotica_movel_UFRGS/install/phi_p3dx_localization/share/phi_p3dx_localization/config/localization.rviz
-- Installing: /home/cloud/robotica-ws/src/Robotica_movel_UFRGS/install/phi_p3dx_localization/share/ament_index/resource_index/package_run_dependencies/phi_p3dx_localization
-- Installing: /home/cloud/robotica-ws/src/Robotica_movel_UFRGS/install/phi_p3dx_localization/share/ament_index/resource_index/parent_prefix_path/phi_p3dx_localization
-- Installing: /home/cloud/robotica-ws/src/Robotica_movel_UFRGS/install/phi_p3dx_localization/share/phi_p3dx_localization/environment/ament_prefix_path.sh
-- Installing: /home/cloud/robotica-ws/src/Robotica_movel_UFRGS/install/phi_p3dx_localization/share/phi_p3dx_localization/environment/ament_prefix_path.dsv
-- Installing: /home/cloud/robotica-ws/src/Robotica_movel_UFRGS/install/phi_p3dx_localization/share/phi_p3dx_localization/environment/path.sh
-- Installing: /home/cloud/robotica-ws/src/Robotica_movel_UFRGS/install/phi_p3dx_localization/share/phi_p3dx_localization/environment/path.dsv
-- Installing: /home/cloud/robotica-ws/src/Robotica_movel_UFRGS/install/phi_p3dx_localization/share/phi_p3dx_localization/local_setup.bash
-- Installing: /home/cloud/robotica-ws/src/Robotica_movel_UFRGS/install/phi_p3dx_localization/share/phi_p3dx_localization/local_setup.sh
-- Installing: /home/cloud/robotica-ws/src/Robotica_movel_UFRGS/install/phi_p3dx_localization/share/phi_p3dx_localization/local_setup.zsh
-- Installing: /home/cloud/robotica-ws/src/Robotica_movel_UFRGS/install/phi_p3dx_localization/share/phi_p3dx_localization/local_setup.dsv
-- Installing: /home/cloud/robotica-ws/src/Robotica_movel_UFRGS/install/phi_p3dx_localization/share/phi_p3dx_localization/package.dsv
-- Installing: /home/cloud/robotica-ws/src/Robotica_movel_UFRGS/install/phi_p3dx_localization/share/ament_index/resource_index/packages/phi_p3dx_localization
-- Installing: /home/cloud/robotica-ws/src/Robotica_movel_UFRGS/install/phi_p3dx_localization/share/phi_p3dx_localization/cmake/phi_p3dx_localizationConfig.cmake
-- Installing: /home/cloud/robotica-ws/src/Robotica_movel_UFRGS/install/phi_p3dx_localization/share/phi_p3dx_localization/cmake/phi_p3dx_localizationConfig-version.cmake
-- Installing: /home/cloud/robotica-ws/src/Robotica_movel_UFRGS/install/phi_p3dx_localization/share/phi_p3dx_localization/package.xml
