-- The C compiler identification is GNU 13.3.0
-- The CXX compiler identification is GNU 13.3.0
-- Detecting C compiler ABI info
-- Detecting C compiler ABI info - done
-- Check for working C compiler: /usr/bin/cc - skipped
-- Detecting C compile features
-- Detecting C compile features - done
-- Detecting CXX compiler ABI info
-- Detecting CXX compiler ABI info - done
-- Check for working CXX compiler: /usr/bin/c++ - skipped
-- Detecting CXX compile features
-- Detecting CXX compile features - done
-- Found ament_cmake: 2.5.6 (/opt/ros/jazzy/share/ament_cmake/cmake)
-- Found Python3: /usr/bin/python3 (found version "3.12.3") found components: Interpreter 
-- Found rclcpp: 28.1.18 (/opt/ros/jazzy/share/rclcpp/cmake)
-- Found rosidl_generator_c: 4.6.7 (/opt/ros/jazzy/share/rosidl_generator_c/cmake)
-- Found rosidl_generator_cpp: 4.6.7 (/opt/ros/jazzy/share/rosidl_generator_cpp/cmake)
-- Using all available rosidl_typesupport_c: rosidl_typesupport_fastrtps_c;rosidl_typesupport_introspection_c
-- Using all available rosidl_typesupport_cpp: rosidl_typesupport_fastrtps_cpp;rosidl_typesupport_introspection_cpp
-- Found rmw_implementation_cmake: 7.3.3 (/opt/ros/jazzy/share/rmw_implementation_cmake/cmake)
-- Found rmw_fastrtps_cpp: 8.4.3 (/opt/ros/jazzy/share/rmw_fastrtps_cpp/cmake)
-- Found OpenSSL: /usr/lib/x86_64-linux-gnu/libcrypto.so (found version "3.0.13")  
-- Found FastRTPS: /opt/ros/jazzy/include (Required is at least version "2.13") 
-- Using RMW implementation 'rmw_fastrtps_cpp' as default
-- Found nav_msgs: 5.3.7 (/opt/ros/jazzy/share/nav_msgs/cmake)
-- Found sensor_msgs: 5.3.7 (/opt/ros/jazzy/share/sensor_msgs/cmake)
-- Found tf2_ros: 0.36.20 (/opt/ros/jazzy/share/tf2_ros/cmake)
-- Found tf2_geometry_msgs: 0.36.20 (/opt/ros/jazzy/share/tf2_geometry_msgs/cmake)
-- Found eigen3_cmake_module: 0.3.0 (/opt/ros/jazzy/share/eigen3_cmake_module/cmake)
-- Found Eigen3: TRUE (found version "3.4.0") 
-- Ensuring Eigen3 include directory is part of orocos-kdl CMake target
-- Found ament_lint_auto: 0.17.5 (/opt/ros/jazzy/share/ament_lint_auto/cmake)
-- Added test 'cppcheck' to perform static code analysis on C / C++ code
-- Configured cppcheck include dirs: $<BUILD_INTERFACE:/home/cloud/robotica-ws/src/Robotica_movel_UFRGS/phi_p3dx_aria/include>
-- Configured cppcheck exclude dirs and/or files: 
-- Added test 'lint_cmake' to check CMake code style
-- Added test 'uncrustify' to check C / C++ code style
-- Configured uncrustify additional arguments: 
-- Added test 'xmllint' to check XML markup files
-- Configuring done (1.4s)
-- Generating done (0.0s)
-- Build files have been written to: /home/cloud/robotica-ws/src/Robotica_movel_UFRGS/build/phi_p3dx_aria
[ 75%] [32mBuilding CXX object CMakeFiles/phi_p3dx.dir/src/Pose.cpp.o[0m
[ 75%] [32mBuilding CXX object CMakeFiles/phi_p3dx.dir/src/PhiROS2Aria.cpp.o[0m
[ 75%] [32mBuilding CXX object CMakeFiles/phi_p3dx.dir/src/phi_p3dx.cpp.o[0m
[100%] [32m[1mLinking CXX executable phi_p3dx[0m
[100%] Built target phi_p3dx
-- Install configuration: ""
-- Installing: /home/cloud/robotica-ws/src/Robotica_movel_UFRGS/install/phi_p3dx_aria/lib/phi_p3dx_aria/phi_p3dx
-- Set non-toolchain portion of runtime path of "/home/cloud/robotica-ws/src/Robotica_movel_UFRGS/install/phi_p3dx_aria/lib/phi_p3dx_aria/phi_p3dx" to ""
-- Installing: /home/cloud/robotica-ws/src/Robotica_movel_UFRGS/install/phi_p3dx_aria/share/ament_index/resource_index/package_run_dependencies/phi_p3dx_aria
-- Installing: /home/cloud/robotica-ws/src/Robotica_movel_UFRGS/install/phi_p3dx_aria/share/ament_index/resource_index/parent_prefix_path/phi_p3dx_aria
-- Installing: /home/cloud/robotica-ws/src/Robotica_movel_UFRGS/install/phi_p3dx_aria/share/phi_p3dx_aria/environment/ament_prefix_path.sh
-- Installing: /home/cloud/robotica-ws/src/Robotica_movel_UFRGS/install/phi_p3dx_aria/share/phi_p3dx_aria/environment/ament_prefix_path.dsv
-- Installing: /home/cloud/robotica-ws/src/Robotica_movel_UFRGS/install/phi_p3dx_aria/share/phi_p3dx_aria/environment/path.sh
-- Installing: /home/cloud/robotica-ws/src/Robotica_movel_UFRGS/install/phi_p3dx_aria/share/phi_p3dx_aria/environment/path.dsv
-- Installing: /home/cloud/robotica-ws/src/Robotica_movel_UFRGS/install/phi_p3dx_aria/share/phi_p3dx_aria/local_setup.bash
-- Installing: /home/cloud/robotica-ws/src/Robotica_movel_UFRGS/install/phi_p3dx_aria/share/phi_p3dx_aria/local_setup.sh
-- Installing: /home/cloud/robotica-ws/src/Robotica_movel_UFRGS/install/phi_p3dx_aria/share/phi_p3dx_aria/local_setup.zsh
-- Installing: /home/cloud/robotica-ws/src/Robotica_movel_UFRGS/install/phi_p3dx_aria/share/phi_p3dx_aria/local_setup.dsv
-- Installing: /home/cloud/robotica-ws/src/Robotica_movel_UFRGS/install/phi_p3dx_aria/share/phi_p3dx_aria/package.dsv
-- Installing: /home/cloud/robotica-ws/src/Robotica_movel_UFRGS/install/phi_p3dx_aria/share/ament_index/resource_index/packages/phi_p3dx_aria
-- Installing: /home/cloud/robotica-ws/src/Robotica_movel_UFRGS/install/phi_p3dx_aria/share/phi_p3dx_aria/cmake/phi_p3dx_ariaConfig.cmake
-- Installing: /home/cloud/robotica-ws/src/Robotica_movel_UFRGS/install/phi_p3dx_aria/share/phi_p3dx_aria/cmake/phi_p3dx_ariaConfig-version.cmake
-- Installing: /home/cloud/robotica-ws/src/Robotica_movel_UFRGS/install/phi_p3dx_aria/share/phi_p3dx_aria/package.xml
